2021-03-31 20:02:19 INFO  Bot:34 - Loading bot_config.json
2021-03-31 20:02:19 INFO  Config:24 - General Configurations
2021-03-31 20:02:19 INFO  Config:26 - 	BOT_TOKEN: ***********************************************************
2021-03-31 20:02:19 INFO  Config:28 - 	OWNER_USER_ID: 267053627963736065
2021-03-31 20:02:19 INFO  Config:30 - 	DEFAULT_PREFIX: Ken 
2021-03-31 20:02:19 INFO  Config:32 - 	DEBUG: false
2021-03-31 20:02:19 INFO  Config:34 - 	BOT_NAME: Ken
2021-03-31 20:02:19 INFO  Config:36 - 	SUPPORT_SERVER: ChFRPDF
2021-03-31 20:02:19 INFO  Config:38 - 	WELCOME_MESSAGING: true
2021-03-31 20:02:19 INFO  Config:40 - 	LEVEL_MESSAGING: true
2021-03-31 20:02:19 INFO  Config:42 - 	ACCENT_COLOR_RED: 250
2021-03-31 20:02:19 INFO  Config:44 - 	ACCENT_COLOR_GREEN: 0
2021-03-31 20:02:19 INFO  Config:46 - 	ACCENT_COLOR_BLUE: 250
2021-03-31 20:02:19 INFO  Config:50 - Database Configurations
2021-03-31 20:02:19 INFO  Config:52 - 	DATABASE_HOST: 172.21.0.3
2021-03-31 20:02:19 INFO  Config:54 - 	DATABASE_PORT: 3306
2021-03-31 20:02:19 INFO  Config:56 - 	DATABASE_USER: root
2021-03-31 20:02:19 INFO  Config:58 - 	DATABASE_PASSWORD: *********
2021-03-31 20:02:19 INFO  Config:60 - 	DATABASE_NAME: mariadb
2021-03-31 20:02:19 INFO  Config:63 - Youtube Configurations
2021-03-31 20:02:19 INFO  Config:65 - 	YOUTUBE_ENABLED: true
2021-03-31 20:02:19 INFO  Config:67 - 	YOUTUBE_API_KEY: AIzaSyCapCXwNGOJTq4winvK--mYUlkshlgYQ-g
2021-03-31 20:02:19 INFO  Config:71 - Spotify Configurations
2021-03-31 20:02:19 INFO  Config:73 - 	SPOTIFY_ENABLED: false
2021-03-31 20:02:19 INFO  Config:75 - 	SPOTIFY_CLIENT_ID: 4e37e028d355419799f68a867ac801c1
2021-03-31 20:02:19 INFO  Config:77 - 	SPOTIFY_CLIENT_SECRET: 6236f649e68b4e0db20f7856062109f0
2021-03-31 20:02:19 INFO  Config:81 - NSFW Configurations
2021-03-31 20:02:19 INFO  Config:83 - 	NSFW_ENABLED: true
2021-03-31 20:02:19 INFO  Config:87 - Tennor Configurations
2021-03-31 20:02:19 INFO  Config:89 - 	TENNOR_ENABLED: false
2021-03-31 20:02:19 INFO  Config:91 - 	TENNOR_API_KEY: 9KG0QYIUQOKM
2021-03-31 20:02:19 INFO  Config:95 - Twitch Configurations
2021-03-31 20:02:19 INFO  Config:97 - 	TWITCH_ENABLED: true
2021-03-31 20:02:19 INFO  Config:99 - 	TWITCH_CLIENT_ID: 541qkplphq6foiqsv9upd8ls3mp7t9
2021-03-31 20:02:19 INFO  Config:101 - 	TWITCH_CLIENT_SECRET: a3s9xq93fqhthkk6gwik6f4dmo0uwd
2021-03-31 20:02:19 INFO  Config:103 - 	TWITCH_CALLBACK_URL: https://webhooks.kenbot.xyz/subscribe
2021-03-31 20:02:19 INFO  Bot:44 - Connecting to database
2021-03-31 20:02:47 INFO  Bot:34 - Loading bot_config.json
2021-03-31 20:02:47 INFO  Config:24 - General Configurations
2021-03-31 20:02:47 INFO  Config:26 - 	BOT_TOKEN: ***********************************************************
2021-03-31 20:02:47 INFO  Config:28 - 	OWNER_USER_ID: 267053627963736065
2021-03-31 20:02:47 INFO  Config:30 - 	DEFAULT_PREFIX: Ken 
2021-03-31 20:02:47 INFO  Config:32 - 	DEBUG: false
2021-03-31 20:02:47 INFO  Config:34 - 	BOT_NAME: Ken
2021-03-31 20:02:47 INFO  Config:36 - 	SUPPORT_SERVER: ChFRPDF
2021-03-31 20:02:47 INFO  Config:38 - 	WELCOME_MESSAGING: true
2021-03-31 20:02:47 INFO  Config:40 - 	LEVEL_MESSAGING: true
2021-03-31 20:02:47 INFO  Config:42 - 	ACCENT_COLOR_RED: 250
2021-03-31 20:02:47 INFO  Config:44 - 	ACCENT_COLOR_GREEN: 0
2021-03-31 20:02:47 INFO  Config:46 - 	ACCENT_COLOR_BLUE: 250
2021-03-31 20:02:47 INFO  Config:50 - Database Configurations
2021-03-31 20:02:47 INFO  Config:52 - 	DATABASE_HOST: 172.21.0.3
2021-03-31 20:02:47 INFO  Config:54 - 	DATABASE_PORT: 3306
2021-03-31 20:02:47 INFO  Config:56 - 	DATABASE_USER: root
2021-03-31 20:02:47 INFO  Config:58 - 	DATABASE_PASSWORD: *********
2021-03-31 20:02:47 INFO  Config:60 - 	DATABASE_NAME: mariadb
2021-03-31 20:02:47 INFO  Config:63 - Youtube Configurations
2021-03-31 20:02:47 INFO  Config:65 - 	YOUTUBE_ENABLED: true
2021-03-31 20:02:47 INFO  Config:67 - 	YOUTUBE_API_KEY: AIzaSyCapCXwNGOJTq4winvK--mYUlkshlgYQ-g
2021-03-31 20:02:47 INFO  Config:71 - Spotify Configurations
2021-03-31 20:02:47 INFO  Config:73 - 	SPOTIFY_ENABLED: false
2021-03-31 20:02:47 INFO  Config:75 - 	SPOTIFY_CLIENT_ID: 4e37e028d355419799f68a867ac801c1
2021-03-31 20:02:47 INFO  Config:77 - 	SPOTIFY_CLIENT_SECRET: 6236f649e68b4e0db20f7856062109f0
2021-03-31 20:02:47 INFO  Config:81 - NSFW Configurations
2021-03-31 20:02:47 INFO  Config:83 - 	NSFW_ENABLED: true
2021-03-31 20:02:47 INFO  Config:87 - Tennor Configurations
2021-03-31 20:02:47 INFO  Config:89 - 	TENNOR_ENABLED: false
2021-03-31 20:02:47 INFO  Config:91 - 	TENNOR_API_KEY: 9KG0QYIUQOKM
2021-03-31 20:02:47 INFO  Config:95 - Twitch Configurations
2021-03-31 20:02:47 INFO  Config:97 - 	TWITCH_ENABLED: true
2021-03-31 20:02:47 INFO  Config:99 - 	TWITCH_CLIENT_ID: 541qkplphq6foiqsv9upd8ls3mp7t9
2021-03-31 20:02:47 INFO  Config:101 - 	TWITCH_CLIENT_SECRET: a3s9xq93fqhthkk6gwik6f4dmo0uwd
2021-03-31 20:02:47 INFO  Config:103 - 	TWITCH_CALLBACK_URL: https://webhooks.kenbot.xyz/subscribe
2021-03-31 20:02:47 INFO  Bot:44 - Connecting to database
2021-03-31 20:03:08 ERROR Bot:50 - Failed to initialize pool: Could not connect to address=(host=172.21.0.3)(port=3306)(type=master) : Connection timed out: connect
2021-03-31 20:03:41 INFO  Bot:34 - Loading bot_config.json
2021-03-31 20:03:41 INFO  Config:24 - General Configurations
2021-03-31 20:03:41 INFO  Config:26 - 	BOT_TOKEN: ***********************************************************
2021-03-31 20:03:41 INFO  Config:28 - 	OWNER_USER_ID: 267053627963736065
2021-03-31 20:03:41 INFO  Config:30 - 	DEFAULT_PREFIX: Ken 
2021-03-31 20:03:41 INFO  Config:32 - 	DEBUG: false
2021-03-31 20:03:41 INFO  Config:34 - 	BOT_NAME: Ken
2021-03-31 20:03:41 INFO  Config:36 - 	SUPPORT_SERVER: ChFRPDF
2021-03-31 20:03:41 INFO  Config:38 - 	WELCOME_MESSAGING: true
2021-03-31 20:03:41 INFO  Config:40 - 	LEVEL_MESSAGING: true
2021-03-31 20:03:41 INFO  Config:42 - 	ACCENT_COLOR_RED: 250
2021-03-31 20:03:41 INFO  Config:44 - 	ACCENT_COLOR_GREEN: 0
2021-03-31 20:03:41 INFO  Config:46 - 	ACCENT_COLOR_BLUE: 250
2021-03-31 20:03:41 INFO  Config:50 - Database Configurations
2021-03-31 20:03:41 INFO  Config:52 - 	DATABASE_HOST: localhost
2021-03-31 20:03:41 INFO  Config:54 - 	DATABASE_PORT: 3306
2021-03-31 20:03:41 INFO  Config:56 - 	DATABASE_USER: root
2021-03-31 20:03:41 INFO  Config:58 - 	DATABASE_PASSWORD: *********
2021-03-31 20:03:41 INFO  Config:60 - 	DATABASE_NAME: mariadb
2021-03-31 20:03:41 INFO  Config:63 - Youtube Configurations
2021-03-31 20:03:41 INFO  Config:65 - 	YOUTUBE_ENABLED: true
2021-03-31 20:03:41 INFO  Config:67 - 	YOUTUBE_API_KEY: AIzaSyCapCXwNGOJTq4winvK--mYUlkshlgYQ-g
2021-03-31 20:03:41 INFO  Config:71 - Spotify Configurations
2021-03-31 20:03:41 INFO  Config:73 - 	SPOTIFY_ENABLED: false
2021-03-31 20:03:41 INFO  Config:75 - 	SPOTIFY_CLIENT_ID: 4e37e028d355419799f68a867ac801c1
2021-03-31 20:03:41 INFO  Config:77 - 	SPOTIFY_CLIENT_SECRET: 6236f649e68b4e0db20f7856062109f0
2021-03-31 20:03:41 INFO  Config:81 - NSFW Configurations
2021-03-31 20:03:41 INFO  Config:83 - 	NSFW_ENABLED: true
2021-03-31 20:03:41 INFO  Config:87 - Tennor Configurations
2021-03-31 20:03:41 INFO  Config:89 - 	TENNOR_ENABLED: false
2021-03-31 20:03:41 INFO  Config:91 - 	TENNOR_API_KEY: 9KG0QYIUQOKM
2021-03-31 20:03:41 INFO  Config:95 - Twitch Configurations
2021-03-31 20:03:41 INFO  Config:97 - 	TWITCH_ENABLED: true
2021-03-31 20:03:41 INFO  Config:99 - 	TWITCH_CLIENT_ID: 541qkplphq6foiqsv9upd8ls3mp7t9
2021-03-31 20:03:41 INFO  Config:101 - 	TWITCH_CLIENT_SECRET: a3s9xq93fqhthkk6gwik6f4dmo0uwd
2021-03-31 20:03:41 INFO  Config:103 - 	TWITCH_CALLBACK_URL: https://webhooks.kenbot.xyz/subscribe
2021-03-31 20:03:41 INFO  Bot:44 - Connecting to database
2021-03-31 20:03:42 INFO  Bot:64 - Starting JDA
2021-03-31 20:04:00 INFO  Bot:34 - Loading bot_config.json
2021-03-31 20:04:00 INFO  Config:24 - General Configurations
2021-03-31 20:04:00 INFO  Config:26 - 	BOT_TOKEN: ***********************************************************
2021-03-31 20:04:00 INFO  Config:28 - 	OWNER_USER_ID: 267053627963736065
2021-03-31 20:04:00 INFO  Config:30 - 	DEFAULT_PREFIX: Ken 
2021-03-31 20:04:00 INFO  Config:32 - 	DEBUG: false
2021-03-31 20:04:00 INFO  Config:34 - 	BOT_NAME: Ken
2021-03-31 20:04:00 INFO  Config:36 - 	SUPPORT_SERVER: ChFRPDF
2021-03-31 20:04:00 INFO  Config:38 - 	WELCOME_MESSAGING: true
2021-03-31 20:04:00 INFO  Config:40 - 	LEVEL_MESSAGING: true
2021-03-31 20:04:00 INFO  Config:42 - 	ACCENT_COLOR_RED: 250
2021-03-31 20:04:00 INFO  Config:44 - 	ACCENT_COLOR_GREEN: 0
2021-03-31 20:04:00 INFO  Config:46 - 	ACCENT_COLOR_BLUE: 250
2021-03-31 20:04:00 INFO  Config:50 - Database Configurations
2021-03-31 20:04:00 INFO  Config:52 - 	DATABASE_HOST: localhost
2021-03-31 20:04:00 INFO  Config:54 - 	DATABASE_PORT: 3306
2021-03-31 20:04:00 INFO  Config:56 - 	DATABASE_USER: root
2021-03-31 20:04:00 INFO  Config:58 - 	DATABASE_PASSWORD: *********
2021-03-31 20:04:00 INFO  Config:60 - 	DATABASE_NAME: mariadb
2021-03-31 20:04:00 INFO  Config:63 - Youtube Configurations
2021-03-31 20:04:00 INFO  Config:65 - 	YOUTUBE_ENABLED: true
2021-03-31 20:04:00 INFO  Config:67 - 	YOUTUBE_API_KEY: AIzaSyCapCXwNGOJTq4winvK--mYUlkshlgYQ-g
2021-03-31 20:04:00 INFO  Config:71 - Spotify Configurations
2021-03-31 20:04:00 INFO  Config:73 - 	SPOTIFY_ENABLED: false
2021-03-31 20:04:00 INFO  Config:75 - 	SPOTIFY_CLIENT_ID: 4e37e028d355419799f68a867ac801c1
2021-03-31 20:04:00 INFO  Config:77 - 	SPOTIFY_CLIENT_SECRET: 6236f649e68b4e0db20f7856062109f0
2021-03-31 20:04:00 INFO  Config:81 - NSFW Configurations
2021-03-31 20:04:00 INFO  Config:83 - 	NSFW_ENABLED: true
2021-03-31 20:04:00 INFO  Config:87 - Tennor Configurations
2021-03-31 20:04:00 INFO  Config:89 - 	TENNOR_ENABLED: false
2021-03-31 20:04:00 INFO  Config:91 - 	TENNOR_API_KEY: 9KG0QYIUQOKM
2021-03-31 20:04:00 INFO  Config:95 - Twitch Configurations
2021-03-31 20:04:00 INFO  Config:97 - 	TWITCH_ENABLED: true
2021-03-31 20:04:00 INFO  Config:99 - 	TWITCH_CLIENT_ID: 541qkplphq6foiqsv9upd8ls3mp7t9
2021-03-31 20:04:00 INFO  Config:101 - 	TWITCH_CLIENT_SECRET: a3s9xq93fqhthkk6gwik6f4dmo0uwd
2021-03-31 20:04:00 INFO  Config:103 - 	TWITCH_CALLBACK_URL: https://webhooks.kenbot.xyz/subscribe
2021-03-31 20:04:00 INFO  Bot:44 - Connecting to database
2021-03-31 20:04:01 INFO  Bot:64 - Starting JDA
2021-03-31 20:04:18 INFO  Bot:34 - Loading bot_config.json
2021-03-31 20:04:18 INFO  Config:24 - General Configurations
2021-03-31 20:04:18 INFO  Config:26 - 	BOT_TOKEN: ***********************************************************
2021-03-31 20:04:18 INFO  Config:28 - 	OWNER_USER_ID: 267053627963736065
2021-03-31 20:04:18 INFO  Config:30 - 	DEFAULT_PREFIX: Ken 
2021-03-31 20:04:18 INFO  Config:32 - 	DEBUG: false
2021-03-31 20:04:18 INFO  Config:34 - 	BOT_NAME: Ken
2021-03-31 20:04:18 INFO  Config:36 - 	SUPPORT_SERVER: ChFRPDF
2021-03-31 20:04:18 INFO  Config:38 - 	WELCOME_MESSAGING: true
2021-03-31 20:04:18 INFO  Config:40 - 	LEVEL_MESSAGING: true
2021-03-31 20:04:18 INFO  Config:42 - 	ACCENT_COLOR_RED: 250
2021-03-31 20:04:18 INFO  Config:44 - 	ACCENT_COLOR_GREEN: 0
2021-03-31 20:04:18 INFO  Config:46 - 	ACCENT_COLOR_BLUE: 250
2021-03-31 20:04:18 INFO  Config:50 - Database Configurations
2021-03-31 20:04:18 INFO  Config:52 - 	DATABASE_HOST: localhost
2021-03-31 20:04:18 INFO  Config:54 - 	DATABASE_PORT: 3306
2021-03-31 20:04:18 INFO  Config:56 - 	DATABASE_USER: root
2021-03-31 20:04:18 INFO  Config:58 - 	DATABASE_PASSWORD: *********
2021-03-31 20:04:18 INFO  Config:60 - 	DATABASE_NAME: mariadb
2021-03-31 20:04:18 INFO  Config:63 - Youtube Configurations
2021-03-31 20:04:18 INFO  Config:65 - 	YOUTUBE_ENABLED: true
2021-03-31 20:04:18 INFO  Config:67 - 	YOUTUBE_API_KEY: AIzaSyCapCXwNGOJTq4winvK--mYUlkshlgYQ-g
2021-03-31 20:04:18 INFO  Config:71 - Spotify Configurations
2021-03-31 20:04:18 INFO  Config:73 - 	SPOTIFY_ENABLED: false
2021-03-31 20:04:18 INFO  Config:75 - 	SPOTIFY_CLIENT_ID: 4e37e028d355419799f68a867ac801c1
2021-03-31 20:04:18 INFO  Config:77 - 	SPOTIFY_CLIENT_SECRET: 6236f649e68b4e0db20f7856062109f0
2021-03-31 20:04:18 INFO  Config:81 - NSFW Configurations
2021-03-31 20:04:18 INFO  Config:83 - 	NSFW_ENABLED: true
2021-03-31 20:04:18 INFO  Config:87 - Tennor Configurations
2021-03-31 20:04:18 INFO  Config:89 - 	TENNOR_ENABLED: false
2021-03-31 20:04:18 INFO  Config:91 - 	TENNOR_API_KEY: 9KG0QYIUQOKM
2021-03-31 20:04:18 INFO  Config:95 - Twitch Configurations
2021-03-31 20:04:18 INFO  Config:97 - 	TWITCH_ENABLED: true
2021-03-31 20:04:18 INFO  Config:99 - 	TWITCH_CLIENT_ID: 541qkplphq6foiqsv9upd8ls3mp7t9
2021-03-31 20:04:18 INFO  Config:101 - 	TWITCH_CLIENT_SECRET: a3s9xq93fqhthkk6gwik6f4dmo0uwd
2021-03-31 20:04:18 INFO  Config:103 - 	TWITCH_CALLBACK_URL: https://webhooks.kenbot.xyz/subscribe
2021-03-31 20:04:18 INFO  Bot:44 - Connecting to database
2021-03-31 20:04:19 INFO  Bot:64 - Starting JDA
2021-03-31 20:05:21 INFO  Bot:34 - Loading bot_config.json
2021-03-31 20:05:21 INFO  Config:24 - General Configurations
2021-03-31 20:05:21 INFO  Config:26 - 	BOT_TOKEN: ***********************************************************
2021-03-31 20:05:21 INFO  Config:28 - 	OWNER_USER_ID: 267053627963736065
2021-03-31 20:05:21 INFO  Config:30 - 	DEFAULT_PREFIX: Ken 
2021-03-31 20:05:21 INFO  Config:32 - 	DEBUG: false
2021-03-31 20:05:21 INFO  Config:34 - 	BOT_NAME: Ken
2021-03-31 20:05:21 INFO  Config:36 - 	SUPPORT_SERVER: ChFRPDF
2021-03-31 20:05:21 INFO  Config:38 - 	WELCOME_MESSAGING: true
2021-03-31 20:05:21 INFO  Config:40 - 	LEVEL_MESSAGING: true
2021-03-31 20:05:21 INFO  Config:42 - 	ACCENT_COLOR_RED: 250
2021-03-31 20:05:21 INFO  Config:44 - 	ACCENT_COLOR_GREEN: 0
2021-03-31 20:05:21 INFO  Config:46 - 	ACCENT_COLOR_BLUE: 250
2021-03-31 20:05:21 INFO  Config:50 - Database Configurations
2021-03-31 20:05:21 INFO  Config:52 - 	DATABASE_HOST: localhost
2021-03-31 20:05:21 INFO  Config:54 - 	DATABASE_PORT: 3306
2021-03-31 20:05:21 INFO  Config:56 - 	DATABASE_USER: root
2021-03-31 20:05:21 INFO  Config:58 - 	DATABASE_PASSWORD: *********
2021-03-31 20:05:21 INFO  Config:60 - 	DATABASE_NAME: mariadb
2021-03-31 20:05:21 INFO  Config:63 - Youtube Configurations
2021-03-31 20:05:21 INFO  Config:65 - 	YOUTUBE_ENABLED: true
2021-03-31 20:05:21 INFO  Config:67 - 	YOUTUBE_API_KEY: AIzaSyCapCXwNGOJTq4winvK--mYUlkshlgYQ-g
2021-03-31 20:05:21 INFO  Config:71 - Spotify Configurations
2021-03-31 20:05:21 INFO  Config:73 - 	SPOTIFY_ENABLED: false
2021-03-31 20:05:21 INFO  Config:75 - 	SPOTIFY_CLIENT_ID: 4e37e028d355419799f68a867ac801c1
2021-03-31 20:05:21 INFO  Config:77 - 	SPOTIFY_CLIENT_SECRET: 6236f649e68b4e0db20f7856062109f0
2021-03-31 20:05:21 INFO  Config:81 - NSFW Configurations
2021-03-31 20:05:21 INFO  Config:83 - 	NSFW_ENABLED: true
2021-03-31 20:05:21 INFO  Config:87 - Tennor Configurations
2021-03-31 20:05:21 INFO  Config:89 - 	TENNOR_ENABLED: false
2021-03-31 20:05:21 INFO  Config:91 - 	TENNOR_API_KEY: 9KG0QYIUQOKM
2021-03-31 20:05:21 INFO  Config:95 - Twitch Configurations
2021-03-31 20:05:21 INFO  Config:97 - 	TWITCH_ENABLED: true
2021-03-31 20:05:21 INFO  Config:99 - 	TWITCH_CLIENT_ID: 541qkplphq6foiqsv9upd8ls3mp7t9
2021-03-31 20:05:21 INFO  Config:101 - 	TWITCH_CLIENT_SECRET: a3s9xq93fqhthkk6gwik6f4dmo0uwd
2021-03-31 20:05:21 INFO  Config:103 - 	TWITCH_CALLBACK_URL: https://webhooks.kenbot.xyz/subscribe
2021-03-31 20:05:21 INFO  Bot:44 - Connecting to database
2021-03-31 20:05:22 INFO  Bot:64 - Starting JDA
2021-03-31 20:05:39 INFO  Bot:34 - Loading bot_config.json
2021-03-31 20:05:39 INFO  Config:24 - General Configurations
2021-03-31 20:05:39 INFO  Config:26 - 	BOT_TOKEN: ***********************************************************
2021-03-31 20:05:39 INFO  Config:28 - 	OWNER_USER_ID: 267053627963736065
2021-03-31 20:05:39 INFO  Config:30 - 	DEFAULT_PREFIX: Ken 
2021-03-31 20:05:39 INFO  Config:32 - 	DEBUG: false
2021-03-31 20:05:39 INFO  Config:34 - 	BOT_NAME: Ken
2021-03-31 20:05:39 INFO  Config:36 - 	SUPPORT_SERVER: ChFRPDF
2021-03-31 20:05:39 INFO  Config:38 - 	WELCOME_MESSAGING: true
2021-03-31 20:05:39 INFO  Config:40 - 	LEVEL_MESSAGING: true
2021-03-31 20:05:39 INFO  Config:42 - 	ACCENT_COLOR_RED: 250
2021-03-31 20:05:39 INFO  Config:44 - 	ACCENT_COLOR_GREEN: 0
2021-03-31 20:05:39 INFO  Config:46 - 	ACCENT_COLOR_BLUE: 250
2021-03-31 20:05:39 INFO  Config:50 - Database Configurations
2021-03-31 20:05:39 INFO  Config:52 - 	DATABASE_HOST: localhost
2021-03-31 20:05:39 INFO  Config:54 - 	DATABASE_PORT: 3306
2021-03-31 20:05:39 INFO  Config:56 - 	DATABASE_USER: root
2021-03-31 20:05:39 INFO  Config:58 - 	DATABASE_PASSWORD: *********
2021-03-31 20:05:39 INFO  Config:60 - 	DATABASE_NAME: mariadb
2021-03-31 20:05:39 INFO  Config:63 - Youtube Configurations
2021-03-31 20:05:39 INFO  Config:65 - 	YOUTUBE_ENABLED: true
2021-03-31 20:05:39 INFO  Config:67 - 	YOUTUBE_API_KEY: AIzaSyCapCXwNGOJTq4winvK--mYUlkshlgYQ-g
2021-03-31 20:05:39 INFO  Config:71 - Spotify Configurations
2021-03-31 20:05:39 INFO  Config:73 - 	SPOTIFY_ENABLED: false
2021-03-31 20:05:39 INFO  Config:75 - 	SPOTIFY_CLIENT_ID: 4e37e028d355419799f68a867ac801c1
2021-03-31 20:05:39 INFO  Config:77 - 	SPOTIFY_CLIENT_SECRET: 6236f649e68b4e0db20f7856062109f0
2021-03-31 20:05:39 INFO  Config:81 - NSFW Configurations
2021-03-31 20:05:39 INFO  Config:83 - 	NSFW_ENABLED: true
2021-03-31 20:05:39 INFO  Config:87 - Tennor Configurations
2021-03-31 20:05:39 INFO  Config:89 - 	TENNOR_ENABLED: false
2021-03-31 20:05:39 INFO  Config:91 - 	TENNOR_API_KEY: 9KG0QYIUQOKM
2021-03-31 20:05:39 INFO  Config:95 - Twitch Configurations
2021-03-31 20:05:39 INFO  Config:97 - 	TWITCH_ENABLED: true
2021-03-31 20:05:39 INFO  Config:99 - 	TWITCH_CLIENT_ID: 541qkplphq6foiqsv9upd8ls3mp7t9
2021-03-31 20:05:39 INFO  Config:101 - 	TWITCH_CLIENT_SECRET: a3s9xq93fqhthkk6gwik6f4dmo0uwd
2021-03-31 20:05:39 INFO  Config:103 - 	TWITCH_CALLBACK_URL: https://webhooks.kenbot.xyz/subscribe
2021-03-31 20:05:39 INFO  Bot:44 - Connecting to database
2021-03-31 20:05:41 INFO  Bot:64 - Starting JDA
2021-03-31 20:06:17 INFO  Bot:34 - Loading bot_config.json
2021-03-31 20:06:17 INFO  Config:24 - General Configurations
2021-03-31 20:06:17 INFO  Config:26 - 	BOT_TOKEN: ***********************************************************
2021-03-31 20:06:17 INFO  Config:28 - 	OWNER_USER_ID: 267053627963736065
2021-03-31 20:06:17 INFO  Config:30 - 	DEFAULT_PREFIX: Ken 
2021-03-31 20:06:17 INFO  Config:32 - 	DEBUG: false
2021-03-31 20:06:17 INFO  Config:34 - 	BOT_NAME: Ken
2021-03-31 20:06:17 INFO  Config:36 - 	SUPPORT_SERVER: ChFRPDF
2021-03-31 20:06:17 INFO  Config:38 - 	WELCOME_MESSAGING: true
2021-03-31 20:06:17 INFO  Config:40 - 	LEVEL_MESSAGING: true
2021-03-31 20:06:17 INFO  Config:42 - 	ACCENT_COLOR_RED: 250
2021-03-31 20:06:17 INFO  Config:44 - 	ACCENT_COLOR_GREEN: 0
2021-03-31 20:06:17 INFO  Config:46 - 	ACCENT_COLOR_BLUE: 250
2021-03-31 20:06:17 INFO  Config:50 - Database Configurations
2021-03-31 20:06:17 INFO  Config:52 - 	DATABASE_HOST: localhost
2021-03-31 20:06:17 INFO  Config:54 - 	DATABASE_PORT: 3306
2021-03-31 20:06:17 INFO  Config:56 - 	DATABASE_USER: root
2021-03-31 20:06:17 INFO  Config:58 - 	DATABASE_PASSWORD: *********
2021-03-31 20:06:17 INFO  Config:60 - 	DATABASE_NAME: mariadb
2021-03-31 20:06:17 INFO  Config:63 - Youtube Configurations
2021-03-31 20:06:17 INFO  Config:65 - 	YOUTUBE_ENABLED: true
2021-03-31 20:06:17 INFO  Config:67 - 	YOUTUBE_API_KEY: AIzaSyCapCXwNGOJTq4winvK--mYUlkshlgYQ-g
2021-03-31 20:06:17 INFO  Config:71 - Spotify Configurations
2021-03-31 20:06:17 INFO  Config:73 - 	SPOTIFY_ENABLED: false
2021-03-31 20:06:17 INFO  Config:75 - 	SPOTIFY_CLIENT_ID: 4e37e028d355419799f68a867ac801c1
2021-03-31 20:06:17 INFO  Config:77 - 	SPOTIFY_CLIENT_SECRET: 6236f649e68b4e0db20f7856062109f0
2021-03-31 20:06:17 INFO  Config:81 - NSFW Configurations
2021-03-31 20:06:17 INFO  Config:83 - 	NSFW_ENABLED: true
2021-03-31 20:06:17 INFO  Config:87 - Tennor Configurations
2021-03-31 20:06:17 INFO  Config:89 - 	TENNOR_ENABLED: false
2021-03-31 20:06:17 INFO  Config:91 - 	TENNOR_API_KEY: 9KG0QYIUQOKM
2021-03-31 20:06:17 INFO  Config:95 - Twitch Configurations
2021-03-31 20:06:17 INFO  Config:97 - 	TWITCH_ENABLED: true
2021-03-31 20:06:17 INFO  Config:99 - 	TWITCH_CLIENT_ID: 541qkplphq6foiqsv9upd8ls3mp7t9
2021-03-31 20:06:17 INFO  Config:101 - 	TWITCH_CLIENT_SECRET: a3s9xq93fqhthkk6gwik6f4dmo0uwd
2021-03-31 20:06:17 INFO  Config:103 - 	TWITCH_CALLBACK_URL: https://webhooks.kenbot.xyz/subscribe
2021-03-31 20:06:17 INFO  Bot:44 - Connecting to database
2021-03-31 20:06:19 INFO  Bot:64 - Starting JDA
2021-03-31 20:08:06 INFO  Bot:34 - Loading bot_config.json
2021-03-31 20:08:06 INFO  Config:24 - General Configurations
2021-03-31 20:08:06 INFO  Config:26 - 	BOT_TOKEN: ***********************************************************
2021-03-31 20:08:06 INFO  Config:28 - 	OWNER_USER_ID: 267053627963736065
2021-03-31 20:08:06 INFO  Config:30 - 	DEFAULT_PREFIX: Ken 
2021-03-31 20:08:06 INFO  Config:32 - 	DEBUG: false
2021-03-31 20:08:06 INFO  Config:34 - 	BOT_NAME: Ken
2021-03-31 20:08:06 INFO  Config:36 - 	SUPPORT_SERVER: ChFRPDF
2021-03-31 20:08:06 INFO  Config:38 - 	WELCOME_MESSAGING: true
2021-03-31 20:08:06 INFO  Config:40 - 	LEVEL_MESSAGING: true
2021-03-31 20:08:06 INFO  Config:42 - 	ACCENT_COLOR_RED: 250
2021-03-31 20:08:06 INFO  Config:44 - 	ACCENT_COLOR_GREEN: 0
2021-03-31 20:08:06 INFO  Config:46 - 	ACCENT_COLOR_BLUE: 250
2021-03-31 20:08:06 INFO  Config:50 - Database Configurations
2021-03-31 20:08:06 INFO  Config:52 - 	DATABASE_HOST: localhost
2021-03-31 20:08:06 INFO  Config:54 - 	DATABASE_PORT: 3306
2021-03-31 20:08:06 INFO  Config:56 - 	DATABASE_USER: root
2021-03-31 20:08:06 INFO  Config:58 - 	DATABASE_PASSWORD: *********
2021-03-31 20:08:06 INFO  Config:60 - 	DATABASE_NAME: mariadb
2021-03-31 20:08:06 INFO  Config:63 - Youtube Configurations
2021-03-31 20:08:06 INFO  Config:65 - 	YOUTUBE_ENABLED: true
2021-03-31 20:08:06 INFO  Config:67 - 	YOUTUBE_API_KEY: AIzaSyCapCXwNGOJTq4winvK--mYUlkshlgYQ-g
2021-03-31 20:08:06 INFO  Config:71 - Spotify Configurations
2021-03-31 20:08:06 INFO  Config:73 - 	SPOTIFY_ENABLED: false
2021-03-31 20:08:06 INFO  Config:75 - 	SPOTIFY_CLIENT_ID: 4e37e028d355419799f68a867ac801c1
2021-03-31 20:08:06 INFO  Config:77 - 	SPOTIFY_CLIENT_SECRET: 6236f649e68b4e0db20f7856062109f0
2021-03-31 20:08:06 INFO  Config:81 - NSFW Configurations
2021-03-31 20:08:06 INFO  Config:83 - 	NSFW_ENABLED: true
2021-03-31 20:08:06 INFO  Config:87 - Tennor Configurations
2021-03-31 20:08:06 INFO  Config:89 - 	TENNOR_ENABLED: false
2021-03-31 20:08:06 INFO  Config:91 - 	TENNOR_API_KEY: 9KG0QYIUQOKM
2021-03-31 20:08:06 INFO  Config:95 - Twitch Configurations
2021-03-31 20:08:06 INFO  Config:97 - 	TWITCH_ENABLED: true
2021-03-31 20:08:06 INFO  Config:99 - 	TWITCH_CLIENT_ID: 541qkplphq6foiqsv9upd8ls3mp7t9
2021-03-31 20:08:06 INFO  Config:101 - 	TWITCH_CLIENT_SECRET: a3s9xq93fqhthkk6gwik6f4dmo0uwd
2021-03-31 20:08:06 INFO  Config:103 - 	TWITCH_CALLBACK_URL: https://webhooks.kenbot.xyz/subscribe
2021-03-31 20:08:06 INFO  Bot:44 - Connecting to database
2021-03-31 20:08:07 INFO  Bot:64 - Starting JDA
2021-03-31 20:09:22 INFO  Bot:34 - Loading bot_config.json
2021-03-31 20:09:22 INFO  Config:24 - General Configurations
2021-03-31 20:09:22 INFO  Config:26 - 	BOT_TOKEN: ***********************************************************
2021-03-31 20:09:22 INFO  Config:28 - 	OWNER_USER_ID: 267053627963736065
2021-03-31 20:09:22 INFO  Config:30 - 	DEFAULT_PREFIX: Ken 
2021-03-31 20:09:22 INFO  Config:32 - 	DEBUG: false
2021-03-31 20:09:22 INFO  Config:34 - 	BOT_NAME: Ken
2021-03-31 20:09:22 INFO  Config:36 - 	SUPPORT_SERVER: ChFRPDF
2021-03-31 20:09:22 INFO  Config:38 - 	WELCOME_MESSAGING: true
2021-03-31 20:09:22 INFO  Config:40 - 	LEVEL_MESSAGING: true
2021-03-31 20:09:22 INFO  Config:42 - 	ACCENT_COLOR_RED: 250
2021-03-31 20:09:22 INFO  Config:44 - 	ACCENT_COLOR_GREEN: 0
2021-03-31 20:09:22 INFO  Config:46 - 	ACCENT_COLOR_BLUE: 250
2021-03-31 20:09:22 INFO  Config:50 - Database Configurations
2021-03-31 20:09:22 INFO  Config:52 - 	DATABASE_HOST: localhost
2021-03-31 20:09:22 INFO  Config:54 - 	DATABASE_PORT: 3306
2021-03-31 20:09:22 INFO  Config:56 - 	DATABASE_USER: root
2021-03-31 20:09:22 INFO  Config:58 - 	DATABASE_PASSWORD: *********
2021-03-31 20:09:22 INFO  Config:60 - 	DATABASE_NAME: mariadb
2021-03-31 20:09:22 INFO  Config:63 - Youtube Configurations
2021-03-31 20:09:22 INFO  Config:65 - 	YOUTUBE_ENABLED: true
2021-03-31 20:09:22 INFO  Config:67 - 	YOUTUBE_API_KEY: AIzaSyCapCXwNGOJTq4winvK--mYUlkshlgYQ-g
2021-03-31 20:09:22 INFO  Config:71 - Spotify Configurations
2021-03-31 20:09:22 INFO  Config:73 - 	SPOTIFY_ENABLED: false
2021-03-31 20:09:22 INFO  Config:75 - 	SPOTIFY_CLIENT_ID: 4e37e028d355419799f68a867ac801c1
2021-03-31 20:09:22 INFO  Config:77 - 	SPOTIFY_CLIENT_SECRET: 6236f649e68b4e0db20f7856062109f0
2021-03-31 20:09:22 INFO  Config:81 - NSFW Configurations
2021-03-31 20:09:22 INFO  Config:83 - 	NSFW_ENABLED: true
2021-03-31 20:09:22 INFO  Config:87 - Tennor Configurations
2021-03-31 20:09:22 INFO  Config:89 - 	TENNOR_ENABLED: false
2021-03-31 20:09:22 INFO  Config:91 - 	TENNOR_API_KEY: 9KG0QYIUQOKM
2021-03-31 20:09:22 INFO  Config:95 - Twitch Configurations
2021-03-31 20:09:22 INFO  Config:97 - 	TWITCH_ENABLED: true
2021-03-31 20:09:22 INFO  Config:99 - 	TWITCH_CLIENT_ID: 541qkplphq6foiqsv9upd8ls3mp7t9
2021-03-31 20:09:22 INFO  Config:101 - 	TWITCH_CLIENT_SECRET: a3s9xq93fqhthkk6gwik6f4dmo0uwd
2021-03-31 20:09:22 INFO  Config:103 - 	TWITCH_CALLBACK_URL: https://webhooks.kenbot.xyz/subscribe
2021-03-31 20:09:22 INFO  Bot:44 - Connecting to database
2021-03-31 20:09:23 INFO  Bot:64 - Starting JDA
2021-03-31 20:09:37 INFO  Bot:34 - Loading bot_config.json
2021-03-31 20:09:37 INFO  Config:24 - General Configurations
2021-03-31 20:09:37 INFO  Config:26 - 	BOT_TOKEN: ***********************************************************
2021-03-31 20:09:37 INFO  Config:28 - 	OWNER_USER_ID: 267053627963736065
2021-03-31 20:09:37 INFO  Config:30 - 	DEFAULT_PREFIX: Ken 
2021-03-31 20:09:37 INFO  Config:32 - 	DEBUG: false
2021-03-31 20:09:37 INFO  Config:34 - 	BOT_NAME: Ken
2021-03-31 20:09:37 INFO  Config:36 - 	SUPPORT_SERVER: ChFRPDF
2021-03-31 20:09:37 INFO  Config:38 - 	WELCOME_MESSAGING: true
2021-03-31 20:09:37 INFO  Config:40 - 	LEVEL_MESSAGING: true
2021-03-31 20:09:37 INFO  Config:42 - 	ACCENT_COLOR_RED: 250
2021-03-31 20:09:37 INFO  Config:44 - 	ACCENT_COLOR_GREEN: 0
2021-03-31 20:09:37 INFO  Config:46 - 	ACCENT_COLOR_BLUE: 250
2021-03-31 20:09:37 INFO  Config:50 - Database Configurations
2021-03-31 20:09:37 INFO  Config:52 - 	DATABASE_HOST: localhost
2021-03-31 20:09:37 INFO  Config:54 - 	DATABASE_PORT: 3306
2021-03-31 20:09:37 INFO  Config:56 - 	DATABASE_USER: root
2021-03-31 20:09:37 INFO  Config:58 - 	DATABASE_PASSWORD: *********
2021-03-31 20:09:37 INFO  Config:60 - 	DATABASE_NAME: mariadb
2021-03-31 20:09:37 INFO  Config:63 - Youtube Configurations
2021-03-31 20:09:37 INFO  Config:65 - 	YOUTUBE_ENABLED: true
2021-03-31 20:09:37 INFO  Config:67 - 	YOUTUBE_API_KEY: AIzaSyCapCXwNGOJTq4winvK--mYUlkshlgYQ-g
2021-03-31 20:09:37 INFO  Config:71 - Spotify Configurations
2021-03-31 20:09:37 INFO  Config:73 - 	SPOTIFY_ENABLED: false
2021-03-31 20:09:37 INFO  Config:75 - 	SPOTIFY_CLIENT_ID: 4e37e028d355419799f68a867ac801c1
2021-03-31 20:09:37 INFO  Config:77 - 	SPOTIFY_CLIENT_SECRET: 6236f649e68b4e0db20f7856062109f0
2021-03-31 20:09:37 INFO  Config:81 - NSFW Configurations
2021-03-31 20:09:37 INFO  Config:83 - 	NSFW_ENABLED: true
2021-03-31 20:09:37 INFO  Config:87 - Tennor Configurations
2021-03-31 20:09:37 INFO  Config:89 - 	TENNOR_ENABLED: false
2021-03-31 20:09:37 INFO  Config:91 - 	TENNOR_API_KEY: 9KG0QYIUQOKM
2021-03-31 20:09:37 INFO  Config:95 - Twitch Configurations
2021-03-31 20:09:37 INFO  Config:97 - 	TWITCH_ENABLED: true
2021-03-31 20:09:37 INFO  Config:99 - 	TWITCH_CLIENT_ID: 541qkplphq6foiqsv9upd8ls3mp7t9
2021-03-31 20:09:37 INFO  Config:101 - 	TWITCH_CLIENT_SECRET: a3s9xq93fqhthkk6gwik6f4dmo0uwd
2021-03-31 20:09:37 INFO  Config:103 - 	TWITCH_CALLBACK_URL: https://webhooks.kenbot.xyz/subscribe
2021-03-31 20:09:37 INFO  Bot:44 - Connecting to database
2021-03-31 20:09:38 INFO  Bot:64 - Starting JDA
2021-03-31 20:13:57 INFO  Bot:34 - Loading bot_config.json
2021-03-31 20:13:57 INFO  Config:24 - General Configurations
2021-03-31 20:13:57 INFO  Config:26 - 	BOT_TOKEN: ***********************************************************
2021-03-31 20:13:57 INFO  Config:28 - 	OWNER_USER_ID: 267053627963736065
2021-03-31 20:13:57 INFO  Config:30 - 	DEFAULT_PREFIX: Ken 
2021-03-31 20:13:57 INFO  Config:32 - 	DEBUG: false
2021-03-31 20:13:57 INFO  Config:34 - 	BOT_NAME: Ken
2021-03-31 20:13:57 INFO  Config:36 - 	SUPPORT_SERVER: ChFRPDF
2021-03-31 20:13:57 INFO  Config:38 - 	WELCOME_MESSAGING: true
2021-03-31 20:13:57 INFO  Config:40 - 	LEVEL_MESSAGING: true
2021-03-31 20:13:57 INFO  Config:42 - 	ACCENT_COLOR_RED: 250
2021-03-31 20:13:57 INFO  Config:44 - 	ACCENT_COLOR_GREEN: 0
2021-03-31 20:13:57 INFO  Config:46 - 	ACCENT_COLOR_BLUE: 250
2021-03-31 20:13:57 INFO  Config:50 - Database Configurations
2021-03-31 20:13:57 INFO  Config:52 - 	DATABASE_HOST: localhost
2021-03-31 20:13:57 INFO  Config:54 - 	DATABASE_PORT: 3306
2021-03-31 20:13:57 INFO  Config:56 - 	DATABASE_USER: root
2021-03-31 20:13:57 INFO  Config:58 - 	DATABASE_PASSWORD: *********
2021-03-31 20:13:57 INFO  Config:60 - 	DATABASE_NAME: mariadb
2021-03-31 20:13:57 INFO  Config:63 - Youtube Configurations
2021-03-31 20:13:57 INFO  Config:65 - 	YOUTUBE_ENABLED: true
2021-03-31 20:13:57 INFO  Config:67 - 	YOUTUBE_API_KEY: AIzaSyCapCXwNGOJTq4winvK--mYUlkshlgYQ-g
2021-03-31 20:13:57 INFO  Config:71 - Spotify Configurations
2021-03-31 20:13:57 INFO  Config:73 - 	SPOTIFY_ENABLED: false
2021-03-31 20:13:57 INFO  Config:75 - 	SPOTIFY_CLIENT_ID: 4e37e028d355419799f68a867ac801c1
2021-03-31 20:13:57 INFO  Config:77 - 	SPOTIFY_CLIENT_SECRET: 6236f649e68b4e0db20f7856062109f0
2021-03-31 20:13:57 INFO  Config:81 - NSFW Configurations
2021-03-31 20:13:57 INFO  Config:83 - 	NSFW_ENABLED: true
2021-03-31 20:13:57 INFO  Config:87 - Tennor Configurations
2021-03-31 20:13:57 INFO  Config:89 - 	TENNOR_ENABLED: false
2021-03-31 20:13:57 INFO  Config:91 - 	TENNOR_API_KEY: 9KG0QYIUQOKM
2021-03-31 20:13:57 INFO  Config:95 - Twitch Configurations
2021-03-31 20:13:57 INFO  Config:97 - 	TWITCH_ENABLED: true
2021-03-31 20:13:57 INFO  Config:99 - 	TWITCH_CLIENT_ID: 541qkplphq6foiqsv9upd8ls3mp7t9
2021-03-31 20:13:57 INFO  Config:101 - 	TWITCH_CLIENT_SECRET: a3s9xq93fqhthkk6gwik6f4dmo0uwd
2021-03-31 20:13:57 INFO  Config:103 - 	TWITCH_CALLBACK_URL: https://webhooks.kenbot.xyz/subscribe
2021-03-31 20:13:57 INFO  Bot:44 - Connecting to database
2021-03-31 20:13:58 INFO  Bot:64 - Starting JDA
2021-03-31 20:14:09 INFO  Bot:34 - Loading bot_config.json
2021-03-31 20:14:09 INFO  Config:24 - General Configurations
2021-03-31 20:14:09 INFO  Config:26 - 	BOT_TOKEN: ***********************************************************
2021-03-31 20:14:09 INFO  Config:28 - 	OWNER_USER_ID: 267053627963736065
2021-03-31 20:14:09 INFO  Config:30 - 	DEFAULT_PREFIX: Ken 
2021-03-31 20:14:09 INFO  Config:32 - 	DEBUG: false
2021-03-31 20:14:09 INFO  Config:34 - 	BOT_NAME: Ken
2021-03-31 20:14:09 INFO  Config:36 - 	SUPPORT_SERVER: ChFRPDF
2021-03-31 20:14:09 INFO  Config:38 - 	WELCOME_MESSAGING: true
2021-03-31 20:14:09 INFO  Config:40 - 	LEVEL_MESSAGING: true
2021-03-31 20:14:09 INFO  Config:42 - 	ACCENT_COLOR_RED: 250
2021-03-31 20:14:09 INFO  Config:44 - 	ACCENT_COLOR_GREEN: 0
2021-03-31 20:14:09 INFO  Config:46 - 	ACCENT_COLOR_BLUE: 250
2021-03-31 20:14:09 INFO  Config:50 - Database Configurations
2021-03-31 20:14:09 INFO  Config:52 - 	DATABASE_HOST: localhost
2021-03-31 20:14:09 INFO  Config:54 - 	DATABASE_PORT: 3306
2021-03-31 20:14:09 INFO  Config:56 - 	DATABASE_USER: root
2021-03-31 20:14:09 INFO  Config:58 - 	DATABASE_PASSWORD: *********
2021-03-31 20:14:09 INFO  Config:60 - 	DATABASE_NAME: mariadb
2021-03-31 20:14:09 INFO  Config:63 - Youtube Configurations
2021-03-31 20:14:09 INFO  Config:65 - 	YOUTUBE_ENABLED: true
2021-03-31 20:14:09 INFO  Config:67 - 	YOUTUBE_API_KEY: AIzaSyCapCXwNGOJTq4winvK--mYUlkshlgYQ-g
2021-03-31 20:14:09 INFO  Config:71 - Spotify Configurations
2021-03-31 20:14:09 INFO  Config:73 - 	SPOTIFY_ENABLED: false
2021-03-31 20:14:09 INFO  Config:75 - 	SPOTIFY_CLIENT_ID: 4e37e028d355419799f68a867ac801c1
2021-03-31 20:14:09 INFO  Config:77 - 	SPOTIFY_CLIENT_SECRET: 6236f649e68b4e0db20f7856062109f0
2021-03-31 20:14:09 INFO  Config:81 - NSFW Configurations
2021-03-31 20:14:09 INFO  Config:83 - 	NSFW_ENABLED: true
2021-03-31 20:14:09 INFO  Config:87 - Tennor Configurations
2021-03-31 20:14:09 INFO  Config:89 - 	TENNOR_ENABLED: false
2021-03-31 20:14:09 INFO  Config:91 - 	TENNOR_API_KEY: 9KG0QYIUQOKM
2021-03-31 20:14:09 INFO  Config:95 - Twitch Configurations
2021-03-31 20:14:09 INFO  Config:97 - 	TWITCH_ENABLED: true
2021-03-31 20:14:09 INFO  Config:99 - 	TWITCH_CLIENT_ID: 541qkplphq6foiqsv9upd8ls3mp7t9
2021-03-31 20:14:09 INFO  Config:101 - 	TWITCH_CLIENT_SECRET: a3s9xq93fqhthkk6gwik6f4dmo0uwd
2021-03-31 20:14:09 INFO  Config:103 - 	TWITCH_CALLBACK_URL: https://webhooks.kenbot.xyz/subscribe
2021-03-31 20:14:09 INFO  Bot:44 - Connecting to database
2021-03-31 20:14:10 INFO  Bot:64 - Starting JDA
2021-03-31 20:14:16 INFO  Bot:34 - Loading bot_config.json
2021-03-31 20:14:16 INFO  Config:24 - General Configurations
2021-03-31 20:14:16 INFO  Config:26 - 	BOT_TOKEN: ***********************************************************
2021-03-31 20:14:16 INFO  Config:28 - 	OWNER_USER_ID: 267053627963736065
2021-03-31 20:14:16 INFO  Config:30 - 	DEFAULT_PREFIX: Ken 
2021-03-31 20:14:16 INFO  Config:32 - 	DEBUG: false
2021-03-31 20:14:16 INFO  Config:34 - 	BOT_NAME: Ken
2021-03-31 20:14:16 INFO  Config:36 - 	SUPPORT_SERVER: ChFRPDF
2021-03-31 20:14:16 INFO  Config:38 - 	WELCOME_MESSAGING: true
2021-03-31 20:14:16 INFO  Config:40 - 	LEVEL_MESSAGING: true
2021-03-31 20:14:16 INFO  Config:42 - 	ACCENT_COLOR_RED: 250
2021-03-31 20:14:16 INFO  Config:44 - 	ACCENT_COLOR_GREEN: 0
2021-03-31 20:14:16 INFO  Config:46 - 	ACCENT_COLOR_BLUE: 250
2021-03-31 20:14:16 INFO  Config:50 - Database Configurations
2021-03-31 20:14:16 INFO  Config:52 - 	DATABASE_HOST: localhost
2021-03-31 20:14:16 INFO  Config:54 - 	DATABASE_PORT: 3306
2021-03-31 20:14:16 INFO  Config:56 - 	DATABASE_USER: root
2021-03-31 20:14:16 INFO  Config:58 - 	DATABASE_PASSWORD: *********
2021-03-31 20:14:16 INFO  Config:60 - 	DATABASE_NAME: mariadb
2021-03-31 20:14:16 INFO  Config:63 - Youtube Configurations
2021-03-31 20:14:16 INFO  Config:65 - 	YOUTUBE_ENABLED: true
2021-03-31 20:14:16 INFO  Config:67 - 	YOUTUBE_API_KEY: AIzaSyCapCXwNGOJTq4winvK--mYUlkshlgYQ-g
2021-03-31 20:14:16 INFO  Config:71 - Spotify Configurations
2021-03-31 20:14:16 INFO  Config:73 - 	SPOTIFY_ENABLED: false
2021-03-31 20:14:16 INFO  Config:75 - 	SPOTIFY_CLIENT_ID: 4e37e028d355419799f68a867ac801c1
2021-03-31 20:14:16 INFO  Config:77 - 	SPOTIFY_CLIENT_SECRET: 6236f649e68b4e0db20f7856062109f0
2021-03-31 20:14:16 INFO  Config:81 - NSFW Configurations
2021-03-31 20:14:16 INFO  Config:83 - 	NSFW_ENABLED: true
2021-03-31 20:14:16 INFO  Config:87 - Tennor Configurations
2021-03-31 20:14:16 INFO  Config:89 - 	TENNOR_ENABLED: false
2021-03-31 20:14:16 INFO  Config:91 - 	TENNOR_API_KEY: 9KG0QYIUQOKM
2021-03-31 20:14:16 INFO  Config:95 - Twitch Configurations
2021-03-31 20:14:16 INFO  Config:97 - 	TWITCH_ENABLED: true
2021-03-31 20:14:16 INFO  Config:99 - 	TWITCH_CLIENT_ID: 541qkplphq6foiqsv9upd8ls3mp7t9
2021-03-31 20:14:16 INFO  Config:101 - 	TWITCH_CLIENT_SECRET: a3s9xq93fqhthkk6gwik6f4dmo0uwd
2021-03-31 20:14:16 INFO  Config:103 - 	TWITCH_CALLBACK_URL: https://webhooks.kenbot.xyz/subscribe
2021-03-31 20:14:16 INFO  Bot:44 - Connecting to database
2021-03-31 20:14:17 INFO  Bot:64 - Starting JDA
2021-03-31 20:14:38 INFO  Bot:34 - Loading bot_config.json
2021-03-31 20:14:38 INFO  Config:24 - General Configurations
2021-03-31 20:14:38 INFO  Config:26 - 	BOT_TOKEN: ***********************************************************
2021-03-31 20:14:38 INFO  Config:28 - 	OWNER_USER_ID: 267053627963736065
2021-03-31 20:14:38 INFO  Config:30 - 	DEFAULT_PREFIX: Ken 
2021-03-31 20:14:38 INFO  Config:32 - 	DEBUG: false
2021-03-31 20:14:38 INFO  Config:34 - 	BOT_NAME: Ken
2021-03-31 20:14:38 INFO  Config:36 - 	SUPPORT_SERVER: ChFRPDF
2021-03-31 20:14:38 INFO  Config:38 - 	WELCOME_MESSAGING: true
2021-03-31 20:14:38 INFO  Config:40 - 	LEVEL_MESSAGING: true
2021-03-31 20:14:38 INFO  Config:42 - 	ACCENT_COLOR_RED: 250
2021-03-31 20:14:38 INFO  Config:44 - 	ACCENT_COLOR_GREEN: 0
2021-03-31 20:14:38 INFO  Config:46 - 	ACCENT_COLOR_BLUE: 250
2021-03-31 20:14:38 INFO  Config:50 - Database Configurations
2021-03-31 20:14:38 INFO  Config:52 - 	DATABASE_HOST: localhost
2021-03-31 20:14:38 INFO  Config:54 - 	DATABASE_PORT: 3306
2021-03-31 20:14:38 INFO  Config:56 - 	DATABASE_USER: root
2021-03-31 20:14:38 INFO  Config:58 - 	DATABASE_PASSWORD: *********
2021-03-31 20:14:38 INFO  Config:60 - 	DATABASE_NAME: mariadb
2021-03-31 20:14:38 INFO  Config:63 - Youtube Configurations
2021-03-31 20:14:38 INFO  Config:65 - 	YOUTUBE_ENABLED: true
2021-03-31 20:14:38 INFO  Config:67 - 	YOUTUBE_API_KEY: AIzaSyCapCXwNGOJTq4winvK--mYUlkshlgYQ-g
2021-03-31 20:14:38 INFO  Config:71 - Spotify Configurations
2021-03-31 20:14:38 INFO  Config:73 - 	SPOTIFY_ENABLED: false
2021-03-31 20:14:38 INFO  Config:75 - 	SPOTIFY_CLIENT_ID: 4e37e028d355419799f68a867ac801c1
2021-03-31 20:14:38 INFO  Config:77 - 	SPOTIFY_CLIENT_SECRET: 6236f649e68b4e0db20f7856062109f0
2021-03-31 20:14:38 INFO  Config:81 - NSFW Configurations
2021-03-31 20:14:38 INFO  Config:83 - 	NSFW_ENABLED: true
2021-03-31 20:14:38 INFO  Config:87 - Tennor Configurations
2021-03-31 20:14:38 INFO  Config:89 - 	TENNOR_ENABLED: false
2021-03-31 20:14:38 INFO  Config:91 - 	TENNOR_API_KEY: 9KG0QYIUQOKM
2021-03-31 20:14:38 INFO  Config:95 - Twitch Configurations
2021-03-31 20:14:38 INFO  Config:97 - 	TWITCH_ENABLED: true
2021-03-31 20:14:38 INFO  Config:99 - 	TWITCH_CLIENT_ID: 541qkplphq6foiqsv9upd8ls3mp7t9
2021-03-31 20:14:38 INFO  Config:101 - 	TWITCH_CLIENT_SECRET: a3s9xq93fqhthkk6gwik6f4dmo0uwd
2021-03-31 20:14:38 INFO  Config:103 - 	TWITCH_CALLBACK_URL: https://webhooks.kenbot.xyz/subscribe
2021-03-31 20:14:38 INFO  Bot:44 - Connecting to database
2021-03-31 20:14:40 INFO  Bot:64 - Starting JDA
2021-03-31 20:15:06 INFO  Bot:34 - Loading bot_config.json
2021-03-31 20:15:06 INFO  Config:24 - General Configurations
2021-03-31 20:15:06 INFO  Config:26 - 	BOT_TOKEN: ***********************************************************
2021-03-31 20:15:06 INFO  Config:28 - 	OWNER_USER_ID: 267053627963736065
2021-03-31 20:15:06 INFO  Config:30 - 	DEFAULT_PREFIX: Ken 
2021-03-31 20:15:06 INFO  Config:32 - 	DEBUG: false
2021-03-31 20:15:06 INFO  Config:34 - 	BOT_NAME: Ken
2021-03-31 20:15:06 INFO  Config:36 - 	SUPPORT_SERVER: ChFRPDF
2021-03-31 20:15:06 INFO  Config:38 - 	WELCOME_MESSAGING: true
2021-03-31 20:15:06 INFO  Config:40 - 	LEVEL_MESSAGING: true
2021-03-31 20:15:06 INFO  Config:42 - 	ACCENT_COLOR_RED: 250
2021-03-31 20:15:06 INFO  Config:44 - 	ACCENT_COLOR_GREEN: 0
2021-03-31 20:15:06 INFO  Config:46 - 	ACCENT_COLOR_BLUE: 250
2021-03-31 20:15:06 INFO  Config:50 - Database Configurations
2021-03-31 20:15:06 INFO  Config:52 - 	DATABASE_HOST: localhost
2021-03-31 20:15:06 INFO  Config:54 - 	DATABASE_PORT: 3306
2021-03-31 20:15:06 INFO  Config:56 - 	DATABASE_USER: root
2021-03-31 20:15:06 INFO  Config:58 - 	DATABASE_PASSWORD: *********
2021-03-31 20:15:06 INFO  Config:60 - 	DATABASE_NAME: mariadb
2021-03-31 20:15:06 INFO  Config:63 - Youtube Configurations
2021-03-31 20:15:06 INFO  Config:65 - 	YOUTUBE_ENABLED: true
2021-03-31 20:15:06 INFO  Config:67 - 	YOUTUBE_API_KEY: AIzaSyCapCXwNGOJTq4winvK--mYUlkshlgYQ-g
2021-03-31 20:15:06 INFO  Config:71 - Spotify Configurations
2021-03-31 20:15:06 INFO  Config:73 - 	SPOTIFY_ENABLED: false
2021-03-31 20:15:06 INFO  Config:75 - 	SPOTIFY_CLIENT_ID: 4e37e028d355419799f68a867ac801c1
2021-03-31 20:15:06 INFO  Config:77 - 	SPOTIFY_CLIENT_SECRET: 6236f649e68b4e0db20f7856062109f0
2021-03-31 20:15:06 INFO  Config:81 - NSFW Configurations
2021-03-31 20:15:06 INFO  Config:83 - 	NSFW_ENABLED: true
2021-03-31 20:15:06 INFO  Config:87 - Tennor Configurations
2021-03-31 20:15:06 INFO  Config:89 - 	TENNOR_ENABLED: false
2021-03-31 20:15:06 INFO  Config:91 - 	TENNOR_API_KEY: 9KG0QYIUQOKM
2021-03-31 20:15:06 INFO  Config:95 - Twitch Configurations
2021-03-31 20:15:06 INFO  Config:97 - 	TWITCH_ENABLED: true
2021-03-31 20:15:06 INFO  Config:99 - 	TWITCH_CLIENT_ID: 541qkplphq6foiqsv9upd8ls3mp7t9
2021-03-31 20:15:06 INFO  Config:101 - 	TWITCH_CLIENT_SECRET: a3s9xq93fqhthkk6gwik6f4dmo0uwd
2021-03-31 20:15:06 INFO  Config:103 - 	TWITCH_CALLBACK_URL: https://webhooks.kenbot.xyz/subscribe
2021-03-31 20:15:06 INFO  Bot:44 - Connecting to database
2021-03-31 20:15:08 INFO  Bot:64 - Starting JDA
2021-03-31 20:15:19 INFO  Bot:34 - Loading bot_config.json
2021-03-31 20:15:19 INFO  Config:24 - General Configurations
2021-03-31 20:15:19 INFO  Config:26 - 	BOT_TOKEN: ***********************************************************
2021-03-31 20:15:19 INFO  Config:28 - 	OWNER_USER_ID: 267053627963736065
2021-03-31 20:15:19 INFO  Config:30 - 	DEFAULT_PREFIX: Ken 
2021-03-31 20:15:19 INFO  Config:32 - 	DEBUG: false
2021-03-31 20:15:19 INFO  Config:34 - 	BOT_NAME: Ken
2021-03-31 20:15:19 INFO  Config:36 - 	SUPPORT_SERVER: ChFRPDF
2021-03-31 20:15:19 INFO  Config:38 - 	WELCOME_MESSAGING: true
2021-03-31 20:15:19 INFO  Config:40 - 	LEVEL_MESSAGING: true
2021-03-31 20:15:19 INFO  Config:42 - 	ACCENT_COLOR_RED: 250
2021-03-31 20:15:19 INFO  Config:44 - 	ACCENT_COLOR_GREEN: 0
2021-03-31 20:15:19 INFO  Config:46 - 	ACCENT_COLOR_BLUE: 250
2021-03-31 20:15:19 INFO  Config:50 - Database Configurations
2021-03-31 20:15:19 INFO  Config:52 - 	DATABASE_HOST: localhost
2021-03-31 20:15:19 INFO  Config:54 - 	DATABASE_PORT: 3306
2021-03-31 20:15:19 INFO  Config:56 - 	DATABASE_USER: root
2021-03-31 20:15:19 INFO  Config:58 - 	DATABASE_PASSWORD: *********
2021-03-31 20:15:19 INFO  Config:60 - 	DATABASE_NAME: mariadb
2021-03-31 20:15:19 INFO  Config:63 - Youtube Configurations
2021-03-31 20:15:19 INFO  Config:65 - 	YOUTUBE_ENABLED: true
2021-03-31 20:15:19 INFO  Config:67 - 	YOUTUBE_API_KEY: AIzaSyCapCXwNGOJTq4winvK--mYUlkshlgYQ-g
2021-03-31 20:15:19 INFO  Config:71 - Spotify Configurations
2021-03-31 20:15:19 INFO  Config:73 - 	SPOTIFY_ENABLED: false
2021-03-31 20:15:19 INFO  Config:75 - 	SPOTIFY_CLIENT_ID: 4e37e028d355419799f68a867ac801c1
2021-03-31 20:15:19 INFO  Config:77 - 	SPOTIFY_CLIENT_SECRET: 6236f649e68b4e0db20f7856062109f0
2021-03-31 20:15:19 INFO  Config:81 - NSFW Configurations
2021-03-31 20:15:19 INFO  Config:83 - 	NSFW_ENABLED: true
2021-03-31 20:15:19 INFO  Config:87 - Tennor Configurations
2021-03-31 20:15:19 INFO  Config:89 - 	TENNOR_ENABLED: false
2021-03-31 20:15:19 INFO  Config:91 - 	TENNOR_API_KEY: 9KG0QYIUQOKM
2021-03-31 20:15:19 INFO  Config:95 - Twitch Configurations
2021-03-31 20:15:19 INFO  Config:97 - 	TWITCH_ENABLED: true
2021-03-31 20:15:19 INFO  Config:99 - 	TWITCH_CLIENT_ID: 541qkplphq6foiqsv9upd8ls3mp7t9
2021-03-31 20:15:19 INFO  Config:101 - 	TWITCH_CLIENT_SECRET: a3s9xq93fqhthkk6gwik6f4dmo0uwd
2021-03-31 20:15:19 INFO  Config:103 - 	TWITCH_CALLBACK_URL: https://webhooks.kenbot.xyz/subscribe
2021-03-31 20:15:19 INFO  Bot:44 - Connecting to database
2021-03-31 20:15:20 INFO  Bot:64 - Starting JDA
